<!DOCTYPE html PUBLIC "-//W3C//DTD XHTML 1.1//EN" "http://www.w3.org/TR/xhtml11/DTD/xhtml11.dtd">
<html xmlns="http://www.w3.org/1999/xhtml">
<head>
<meta http-equiv="content-type" content="text/html; charset=UTF-8"/>
<title>TestNG Report</title>
<style type="text/css">table {margin-bottom:10px;border-collapse:collapse;empty-cells:show}th,td {border:1px solid #009;padding:.25em .5em}th {vertical-align:bottom}td {vertical-align:top}table a {font-weight:bold}.stripe td {background-color: #E6EBF9}.num {text-align:right}.passedodd td {background-color: #3F3}.passedeven td {background-color: #0A0}.skippedodd td {background-color: #DDD}.skippedeven td {background-color: #CCC}.failedodd td,.attn {background-color: #F33}.failedeven td,.stripe .attn {background-color: #D00}.stacktrace {white-space:pre;font-family:monospace}.totop {font-size:85%;text-align:center;border-bottom:2px solid #000}.invisible {display:none}</style>
</head>
<body>
<table>
<tr><th>Test</th><th># Passed</th><th># Skipped</th><th># Failed</th><th>Time (ms)</th><th>Included Groups</th><th>Excluded Groups</th></tr>
<tr><th colspan="7">UI自动化测试</th></tr>
<tr><td><a href="#t0">自动化测试用例</a></td><td class="num">1</td><td class="num attn">1</td><td class="num attn">1</td><td class="num">202,670</td><td></td><td></td></tr>
</table>
<table id='summary'><thead><tr><th>Class</th><th>Method</th><th>Start</th><th>Time (ms)</th></tr></thead><tbody><tr><th colspan="4">UI自动化测试</th></tr></tbody><tbody id="t0"><tr><th colspan="4">自动化测试用例 &#8212; failed</th></tr><tr class="failedeven"><td rowspan="1">testCase.crm.login.TestLogout</td><td><a href="#m0">testLogout</a></td><td rowspan="1">1535103969504</td><td rowspan="1">15322</td></tr><tr><th colspan="4">自动化测试用例 &#8212; skipped</th></tr><tr class="skippedeven"><td rowspan="1">testCase.crm.login.TestLogout</td><td><a href="#m1">testLogout</a></td><td rowspan="1">1535103898206</td><td rowspan="1">15456</td></tr><tr><th colspan="4">自动化测试用例 &#8212; passed</th></tr><tr class="passedeven"><td rowspan="1">testCase.crm.login.TestLogin</td><td><a href="#m2">testLogin</a></td><td rowspan="1">1535103787169</td><td rowspan="1">55468</td></tr></tbody>
</table>
<h2>自动化测试用例</h2><h3 id="m0">testCase.crm.login.TestLogout#testLogout</h3><table class="result"><tr><th>Messages</th></tr><tr><td><div class="messages">点击右上角的用户名<br/>点击注销账户<br/>点击确定按钮<br/><p>断言成功处截图:<img id='img' src='../screen/2018-08-24//1535103984824screenfile.png' alt='截图' width='500' height='300'></p></div></td></tr><tr><th>Exception</th></tr><tr><td><div class="stacktrace">java.lang.AssertionError: expected [] but found [Login]
	at pageObject.TestBase.assertEquals(TestBase.java:673)
	at testCase.crm.login.TestLogout.testLogout(TestLogout.java:56)
... Removed 30 stack frames</div></td></tr></table><p class="totop"><a href="#summary">back to summary</a></p>
<h3 id="m1">testCase.crm.login.TestLogout#testLogout</h3><table class="result"><tr><th>Messages</th></tr><tr><td><div class="messages">点击右上角的用户名<br/>点击注销账户<br/>点击确定按钮<br/><p>断言成功处截图:<img id='img' src='../screen/2018-08-24//1535103913660screenfile.png' alt='截图' width='500' height='300'></p></div></td></tr><tr><th>Exception</th></tr><tr><td><div class="stacktrace">java.lang.AssertionError: expected [] but found [Login]
	at pageObject.TestBase.assertEquals(TestBase.java:673)
	at testCase.crm.login.TestLogout.testLogout(TestLogout.java:56)
... Removed 30 stack frames</div></td></tr></table><p class="totop"><a href="#summary">back to summary</a></p>
<h3 id="m2">testCase.crm.login.TestLogin#testLogin</h3><table class="result"><tr><th>Messages</th></tr><tr><td><div class="messages">测试用例开始<br/>点击CRM按钮<br/>输入用户账号<br/>输入密码<br/>睡眠3秒<br/>点击登入按钮<br/>线程等待三秒<br/>获取页面title:<br/><p>断言成功处截图:<img id='img' src='../screen/2018-08-24//1535103842635screenfile.png' alt='截图' width='500' height='300'></p><br/>断言title=</div></td></tr></table><p class="totop"><a href="#summary">back to summary</a></p>
</body>
</html>
