<html>
<head>
<title>TestNG:  自动化测试用例</title>
<link href="../testng.css" rel="stylesheet" type="text/css" />
<link href="../my-testng.css" rel="stylesheet" type="text/css" />

<style type="text/css">
.log { display: none;} 
.stack-trace { display: none;} 
</style>
<script type="text/javascript">
<!--
function flip(e) {
  current = e.style.display;
  if (current == 'block') {
    e.style.display = 'none';
    return 0;
  }
  else {
    e.style.display = 'block';
    return 1;
  }
}

function toggleBox(szDivId, elem, msg1, msg2)
{
  var res = -1;  if (document.getElementById) {
    res = flip(document.getElementById(szDivId));
  }
  else if (document.all) {
    // this is the way old msie versions work
    res = flip(document.all[szDivId]);
  }
  if(elem) {
    if(res == 0) elem.innerHTML = msg1; else elem.innerHTML = msg2;
  }

}

function toggleAllBoxes() {
  if (document.getElementsByTagName) {
    d = document.getElementsByTagName('div');
    for (i = 0; i < d.length; i++) {
      if (d[i].className == 'log') {
        flip(d[i]);
      }
    }
  }
}

// -->
</script>

</head>
<body>
<h2 align='center'>自动化测试用例</h2><table border='1' align="center">
<tr>
<td>Tests passed/Failed/Skipped:</td><td>1/1/1</td>
</tr><tr>
<td>Started on:</td><td>Fri Aug 24 17:43:02 CST 2018</td>
</tr>
<tr><td>Total time:</td><td>202 seconds (202670 ms)</td>
</tr><tr>
<td>Included groups:</td><td></td>
</tr><tr>
<td>Excluded groups:</td><td></td>
</tr>
</table><p/>
<small><i>(Hover the method name to see the test class name)</i></small><p/>
<table width='100%' border='1' class='invocation-failed'>
<tr><td colspan='4' align='center'><b>FAILED TESTS</b></td></tr>
<tr><td><b>Test method</b></td>
<td width="30%"><b>Exception</b></td>
<td width="10%"><b>Time (seconds)</b></td>
<td><b>Instance</b></td>
</tr>
<tr>
<td title='testCase.crm.login.TestLogout.testLogout()'><b>testLogout</b><br>Test class: testCase.crm.login.TestLogout<br>Test method: 测试注销账户<br/>
<a href="#Output-379124840" onClick='toggleBox("Output-379124840", this, "Show output", "Hide output");'>Show output</a>

<a href="#Output-379124840" onClick="toggleAllBoxes();">Show all outputs</a>
<div class='log' id="Output-379124840">
点击右上角的用户名<br/>
点击注销账户<br/>
点击确定按钮<br/>
<p>断言成功处截图:<img id='img' src='../screen/2018-08-24//1535103984824screenfile.png' alt='截图' width='500' height='300'></p><br/>
</div>
</td>
<td><div><pre>java.lang.AssertionError: expected [] but found [Login]
	at pageObject.TestBase.assertEquals(TestBase.java:673)
	at testCase.crm.login.TestLogout.testLogout(TestLogout.java:56)
... Removed 30 stack frames</pre></div><a href='#' onClick='toggleBox("stack-trace379124840", this, "Click to show all stack frames", "Click to hide stack frames")'>Click to show all stack frames</a>
<div class='stack-trace' id='stack-trace379124840'><pre>java.lang.AssertionError: expected [] but found [Login]
	at org.testng.Assert.fail(Assert.java:96)
	at org.testng.Assert.failNotEquals(Assert.java:776)
	at org.testng.Assert.assertEqualsImpl(Assert.java:137)
	at org.testng.Assert.assertEquals(Assert.java:118)
	at org.testng.Assert.assertEquals(Assert.java:442)
	at pageObject.TestBase.assertEquals(TestBase.java:673)
	at testCase.crm.login.TestLogout.testLogout(TestLogout.java:56)
	at sun.reflect.NativeMethodAccessorImpl.invoke0(Native Method)
	at sun.reflect.NativeMethodAccessorImpl.invoke(Unknown Source)
	at sun.reflect.DelegatingMethodAccessorImpl.invoke(Unknown Source)
	at java.lang.reflect.Method.invoke(Unknown Source)
	at org.testng.internal.MethodInvocationHelper.invokeMethod(MethodInvocationHelper.java:124)
	at org.testng.internal.Invoker.invokeMethod(Invoker.java:580)
	at org.testng.internal.Invoker.retryFailed(Invoker.java:838)
	at org.testng.internal.Invoker.invokeTestMethods(Invoker.java:1009)
	at org.testng.internal.TestMethodWorker.invokeTestMethods(TestMethodWorker.java:125)
	at org.testng.internal.TestMethodWorker.run(TestMethodWorker.java:109)
	at org.testng.TestRunner.privateRun(TestRunner.java:648)
	at org.testng.TestRunner.run(TestRunner.java:505)
	at org.testng.SuiteRunner.runTest(SuiteRunner.java:455)
	at org.testng.SuiteRunner.runSequentially(SuiteRunner.java:450)
	at org.testng.SuiteRunner.privateRun(SuiteRunner.java:415)
	at org.testng.SuiteRunner.run(SuiteRunner.java:364)
	at org.testng.SuiteRunnerWorker.runSuite(SuiteRunnerWorker.java:52)
	at org.testng.SuiteRunnerWorker.run(SuiteRunnerWorker.java:84)
	at org.testng.TestNG.runSuitesSequentially(TestNG.java:1208)
	at org.testng.TestNG.runSuitesLocally(TestNG.java:1137)
	at org.testng.TestNG.runSuites(TestNG.java:1049)
	at org.testng.TestNG.run(TestNG.java:1017)
	at org.testng.remote.AbstractRemoteTestNG.run(AbstractRemoteTestNG.java:114)
	at org.testng.remote.RemoteTestNG.initAndRun(RemoteTestNG.java:251)
	at org.testng.remote.RemoteTestNG.main(RemoteTestNG.java:77)
</pre></div></td>
<td>15</td>
<td>testCase.crm.login.TestLogout@3ffcd140</td></tr>
</table><p>
<table width='100%' border='1' class='invocation-passed'>
<tr><td colspan='4' align='center'><b>PASSED TESTS</b></td></tr>
<tr><td><b>Test method</b></td>
<td width="30%"><b>Exception</b></td>
<td width="10%"><b>Time (seconds)</b></td>
<td><b>Instance</b></td>
</tr>
<tr>
<td title='testCase.crm.login.TestLogin.testLogin()'><b>testLogin</b><br>Test class: testCase.crm.login.TestLogin<br>Test method: 测试登入<br/>
<a href="#Output-1910936570" onClick='toggleBox("Output-1910936570", this, "Show output", "Hide output");'>Show output</a>

<a href="#Output-1910936570" onClick="toggleAllBoxes();">Show all outputs</a>
<div class='log' id="Output-1910936570">
测试用例开始<br/>
点击CRM按钮<br/>
输入用户账号<br/>
输入密码<br/>
睡眠3秒<br/>
点击登入按钮<br/>
线程等待三秒<br/>
获取页面title:<br/>
<p>断言成功处截图:<img id='img' src='../screen/2018-08-24//1535103842635screenfile.png' alt='截图' width='500' height='300'></p><br/>
断言title=<br/>
</div>
</td>
<td></td>
<td>55</td>
<td>testCase.crm.login.TestLogin@3e77a1ed</td></tr>
</table><p>
<table width='100%' border='1' class='invocation-skipped'>
<tr><td colspan='4' align='center'><b>SKIPPED TESTS</b></td></tr>
<tr><td><b>Test method</b></td>
<td width="30%"><b>Exception</b></td>
<td width="10%"><b>Time (seconds)</b></td>
<td><b>Instance</b></td>
</tr>
<tr>
<td title='testCase.crm.login.TestLogout.testLogout()'><b>testLogout</b><br>Test class: testCase.crm.login.TestLogout<br>Test method: 测试注销账户<br/>
<a href="#Output-396485834" onClick='toggleBox("Output-396485834", this, "Show output", "Hide output");'>Show output</a>

<a href="#Output-396485834" onClick="toggleAllBoxes();">Show all outputs</a>
<div class='log' id="Output-396485834">
点击右上角的用户名<br/>
点击注销账户<br/>
点击确定按钮<br/>
<p>断言成功处截图:<img id='img' src='../screen/2018-08-24//1535103913660screenfile.png' alt='截图' width='500' height='300'></p><br/>
</div>
</td>
<td><div><pre>java.lang.AssertionError: expected [] but found [Login]
	at pageObject.TestBase.assertEquals(TestBase.java:673)
	at testCase.crm.login.TestLogout.testLogout(TestLogout.java:56)
... Removed 30 stack frames</pre></div><a href='#' onClick='toggleBox("stack-trace396485834", this, "Click to show all stack frames", "Click to hide stack frames")'>Click to show all stack frames</a>
<div class='stack-trace' id='stack-trace396485834'><pre>java.lang.AssertionError: expected [] but found [Login]
	at org.testng.Assert.fail(Assert.java:96)
	at org.testng.Assert.failNotEquals(Assert.java:776)
	at org.testng.Assert.assertEqualsImpl(Assert.java:137)
	at org.testng.Assert.assertEquals(Assert.java:118)
	at org.testng.Assert.assertEquals(Assert.java:442)
	at pageObject.TestBase.assertEquals(TestBase.java:673)
	at testCase.crm.login.TestLogout.testLogout(TestLogout.java:56)
	at sun.reflect.NativeMethodAccessorImpl.invoke0(Native Method)
	at sun.reflect.NativeMethodAccessorImpl.invoke(Unknown Source)
	at sun.reflect.DelegatingMethodAccessorImpl.invoke(Unknown Source)
	at java.lang.reflect.Method.invoke(Unknown Source)
	at org.testng.internal.MethodInvocationHelper.invokeMethod(MethodInvocationHelper.java:124)
	at org.testng.internal.Invoker.invokeMethod(Invoker.java:580)
	at org.testng.internal.Invoker.invokeTestMethod(Invoker.java:716)
	at org.testng.internal.Invoker.invokeTestMethods(Invoker.java:988)
	at org.testng.internal.TestMethodWorker.invokeTestMethods(TestMethodWorker.java:125)
	at org.testng.internal.TestMethodWorker.run(TestMethodWorker.java:109)
	at org.testng.TestRunner.privateRun(TestRunner.java:648)
	at org.testng.TestRunner.run(TestRunner.java:505)
	at org.testng.SuiteRunner.runTest(SuiteRunner.java:455)
	at org.testng.SuiteRunner.runSequentially(SuiteRunner.java:450)
	at org.testng.SuiteRunner.privateRun(SuiteRunner.java:415)
	at org.testng.SuiteRunner.run(SuiteRunner.java:364)
	at org.testng.SuiteRunnerWorker.runSuite(SuiteRunnerWorker.java:52)
	at org.testng.SuiteRunnerWorker.run(SuiteRunnerWorker.java:84)
	at org.testng.TestNG.runSuitesSequentially(TestNG.java:1208)
	at org.testng.TestNG.runSuitesLocally(TestNG.java:1137)
	at org.testng.TestNG.runSuites(TestNG.java:1049)
	at org.testng.TestNG.run(TestNG.java:1017)
	at org.testng.remote.AbstractRemoteTestNG.run(AbstractRemoteTestNG.java:114)
	at org.testng.remote.RemoteTestNG.initAndRun(RemoteTestNG.java:251)
	at org.testng.remote.RemoteTestNG.main(RemoteTestNG.java:77)
</pre></div></td>
<td>15</td>
<td>testCase.crm.login.TestLogout@3ffcd140</td></tr>
</table><p>
</body>
</html>